2025-07-15 00:38:32,698 INFO [31m[1mWARNING: This is a development server. Do not use it in a production deployment. Use a production WSGI server instead.[0m
 * Running on http://127.0.0.1:5001
2025-07-15 00:38:32,698 INFO [33mPress CTRL+C to quit[0m
2025-07-15 00:38:32,699 INFO  * Restarting with stat
2025-07-15 00:38:32,970 WARNING  * Debugger is active!
2025-07-15 00:38:32,981 INFO  * Debugger PIN: 446-872-210
2025-07-15 00:40:45,855 INFO  * Detected change in 'D:\\Coding\\250710\\app.py', reloading
2025-07-15 00:40:45,885 INFO  * Restarting with stat
2025-07-15 00:41:51,885 INFO [31m[1mWARNING: This is a development server. Do not use it in a production deployment. Use a production WSGI server instead.[0m
 * Running on http://127.0.0.1:5001
2025-07-15 00:41:51,885 INFO [33mPress CTRL+C to quit[0m
2025-07-15 00:41:51,886 INFO  * Restarting with stat
2025-07-15 00:41:52,471 WARNING  * Debugger is active!
2025-07-15 00:41:52,474 INFO  * Debugger PIN: 446-872-210
2025-07-15 00:43:15,341 INFO  * Detected change in 'd:\\Coding\\250710\\app.py', reloading
2025-07-15 00:43:15,365 INFO  * Restarting with stat
2025-07-15 00:43:15,968 WARNING  * Debugger is active!
2025-07-15 00:43:15,971 INFO  * Debugger PIN: 446-872-210
2025-07-15 00:43:25,226 INFO  * Detected change in 'd:\\Coding\\250710\\app.py', reloading
2025-07-15 00:43:25,250 INFO  * Restarting with stat
2025-07-15 00:43:25,419 INFO [31m[1mWARNING: This is a development server. Do not use it in a production deployment. Use a production WSGI server instead.[0m
 * Running on http://127.0.0.1:5001
2025-07-15 00:43:25,419 INFO [33mPress CTRL+C to quit[0m
2025-07-15 00:43:25,420 INFO  * Restarting with stat
2025-07-15 00:43:25,520 WARNING  * Debugger is active!
2025-07-15 00:43:25,523 INFO  * Debugger PIN: 446-872-210
2025-07-15 00:43:25,689 WARNING  * Debugger is active!
2025-07-15 00:43:25,692 INFO  * Debugger PIN: 474-512-372
2025-07-15 00:44:26,491 INFO ¿‘∑¬ JSON: {'peg_results': {'peg_A': [{'cell_name': 'cell_1', 'period': 'Jan', 'avg_value': 10.5}, {'cell_name': 'cell_2', 'period': 'Jan', 'avg_value': 15.2}, {'cell_name': 'cell_1', 'period': 'Feb', 'avg_value': 12.0}, {'cell_name': 'cell_2', 'period': 'Feb', 'avg_value': 18.7}], 'peg_B': [{'cell_name': 'cell_3', 'period': 'Jan', 'avg_value': 8.1}, {'cell_name': 'cell_4', 'period': 'Jan', 'avg_value': 22.5}, {'cell_name': 'cell_3', 'period': 'Feb', 'avg_value': 9.3}, {'cell_name': 'cell_4', 'period': 'Feb', 'avg_value': 25.0}]}}
2025-07-15 00:44:26,492 INFO 127.0.0.1 - - [15/Jul/2025 00:44:26] "POST /tool_analyze_all_pegs_post HTTP/1.1" 200 -
2025-07-15 00:46:27,039 INFO  * Detected change in 'd:\\Coding\\250710\\app.py', reloading
2025-07-15 00:46:27,060 INFO  * Restarting with stat
2025-07-15 00:46:27,159 INFO  * Detected change in 'D:\\Coding\\250710\\app.py', reloading
2025-07-15 00:46:27,181 INFO  * Restarting with stat
2025-07-15 00:46:27,343 WARNING  * Debugger is active!
2025-07-15 00:46:27,345 INFO  * Debugger PIN: 446-872-210
2025-07-15 00:46:27,456 WARNING  * Debugger is active!
2025-07-15 00:46:27,459 INFO  * Debugger PIN: 474-512-372
2025-07-15 00:46:41,579 INFO  * Detected change in 'd:\\Coding\\250710\\test_post.py', reloading
2025-07-15 00:46:41,599 INFO  * Restarting with stat
2025-07-15 00:46:41,673 INFO  * Detected change in 'D:\\Coding\\250710\\test_post.py', reloading
2025-07-15 00:46:41,694 INFO  * Restarting with stat
2025-07-15 00:46:41,868 WARNING  * Debugger is active!
2025-07-15 00:46:41,870 INFO  * Debugger PIN: 446-872-210
2025-07-15 00:46:41,961 WARNING  * Debugger is active!
2025-07-15 00:46:41,964 INFO  * Debugger PIN: 474-512-372
2025-07-15 00:46:52,035 INFO  * Detected change in 'd:\\Coding\\250710\\app.py', reloading
2025-07-15 00:46:52,056 INFO  * Restarting with stat
2025-07-15 00:46:52,125 INFO  * Detected change in 'D:\\Coding\\250710\\app.py', reloading
2025-07-15 00:46:52,146 INFO  * Restarting with stat
2025-07-15 00:46:52,338 WARNING  * Debugger is active!
2025-07-15 00:46:52,341 INFO  * Debugger PIN: 446-872-210
2025-07-15 00:46:52,431 WARNING  * Debugger is active!
2025-07-15 00:46:52,433 INFO  * Debugger PIN: 474-512-372
2025-07-15 00:46:54,401 INFO  * Detected change in 'd:\\Coding\\250710\\test_post.py', reloading
2025-07-15 00:46:54,422 INFO  * Restarting with stat
2025-07-15 00:46:54,491 INFO  * Detected change in 'D:\\Coding\\250710\\test_post.py', reloading
2025-07-15 00:46:54,513 INFO  * Restarting with stat
2025-07-15 00:46:54,703 WARNING  * Debugger is active!
2025-07-15 00:46:54,706 INFO  * Debugger PIN: 446-872-210
2025-07-15 00:46:54,794 WARNING  * Debugger is active!
2025-07-15 00:46:54,796 INFO  * Debugger PIN: 474-512-372
2025-07-15 00:47:12,997 INFO [31m[1mWARNING: This is a development server. Do not use it in a production deployment. Use a production WSGI server instead.[0m
 * Running on http://127.0.0.1:5001
2025-07-15 00:47:12,998 INFO [33mPress CTRL+C to quit[0m
2025-07-15 00:47:12,999 INFO  * Restarting with stat
2025-07-15 00:47:13,266 WARNING  * Debugger is active!
2025-07-15 00:47:13,269 INFO  * Debugger PIN: 474-512-372
2025-07-15 00:47:18,589 INFO ¿‘∑¬ JSON: {'n1_path': 'data/n1.json', 'n_path': 'data/n.json'}
2025-07-15 00:47:18,589 ERROR ∆ƒ¿œ data/n1.json ¿–±‚ Ω«∆–: [Errno 2] No such file or directory: 'data/n1.json'
2025-07-15 00:47:18,599 ERROR ∆ƒ¿œ data/n.json ¿–±‚ Ω«∆–: [Errno 2] No such file or directory: 'data/n.json'
2025-07-15 00:47:18,599 ERROR ∆ƒ¿œ¿ª ¿–¥¬ µ• Ω«∆–«ﬂΩ¿¥œ¥Ÿ.
2025-07-15 00:47:18,599 INFO 127.0.0.1 - - [15/Jul/2025 00:47:18] "[31m[1mPOST /tool_analyze_all_pegs_post HTTP/1.1[0m" 400 -
2025-07-15 00:48:56,339 INFO ¿‘∑¬ JSON: {'n1_path': 'data/n1.json', 'n_path': 'data/n.json'}
2025-07-15 00:48:56,339 INFO ∆ƒ¿œ data/n1.json ¿–±‚ º∫∞¯: {'peg_A': [{'cell_name': 'cell_1', 'period': 'Jan', 'avg_value': 10.5}, {'cell_name': 'cell_2', 'period': 'Jan', 'avg_value': 15.2}], 'peg_B': [{'cell_name': 'cell_3', 'period': 'Jan', 'avg_value': 8.1}]}
2025-07-15 00:48:56,339 ERROR ∆ƒ¿œ data/n.json ¿–±‚ Ω«∆–: Extra data: line 2 column 8 (char 8)
2025-07-15 00:48:56,339 ERROR ∆ƒ¿œ¿ª ¿–¥¬ µ• Ω«∆–«ﬂΩ¿¥œ¥Ÿ.
2025-07-15 00:48:56,340 INFO 127.0.0.1 - - [15/Jul/2025 00:48:56] "[31m[1mPOST /tool_analyze_all_pegs_post HTTP/1.1[0m" 400 -
2025-07-15 00:49:27,057 INFO [31m[1mWARNING: This is a development server. Do not use it in a production deployment. Use a production WSGI server instead.[0m
 * Running on http://127.0.0.1:5001
2025-07-15 00:49:27,057 INFO [33mPress CTRL+C to quit[0m
2025-07-15 00:49:27,058 INFO  * Restarting with stat
2025-07-15 00:49:27,328 WARNING  * Debugger is active!
2025-07-15 00:49:27,331 INFO  * Debugger PIN: 474-512-372
2025-07-15 00:49:31,427 INFO ¿‘∑¬ JSON: {'n1_path': 'data/n1.json', 'n_path': 'data/n.json'}
2025-07-15 00:49:31,428 INFO ∆ƒ¿œ data/n1.json ¿–±‚ º∫∞¯: {'peg_A': [{'cell_name': 'cell_1', 'period': 'Jan', 'avg_value': 10.5}, {'cell_name': 'cell_2', 'period': 'Jan', 'avg_value': 15.2}], 'peg_B': [{'cell_name': 'cell_3', 'period': 'Jan', 'avg_value': 8.1}]}
2025-07-15 00:49:31,428 ERROR ∆ƒ¿œ data/n.json ¿–±‚ Ω«∆–: Extra data: line 2 column 8 (char 8)
2025-07-15 00:49:31,428 ERROR ∆ƒ¿œ¿ª ¿–¥¬ µ• Ω«∆–«ﬂΩ¿¥œ¥Ÿ.
2025-07-15 00:49:31,428 INFO 127.0.0.1 - - [15/Jul/2025 00:49:31] "[31m[1mPOST /tool_analyze_all_pegs_post HTTP/1.1[0m" 400 -
2025-07-15 00:50:30,620 INFO [31m[1mWARNING: This is a development server. Do not use it in a production deployment. Use a production WSGI server instead.[0m
 * Running on http://127.0.0.1:5001
2025-07-15 00:50:30,621 INFO [33mPress CTRL+C to quit[0m
2025-07-15 00:50:30,622 INFO  * Restarting with stat
2025-07-15 00:50:30,887 WARNING  * Debugger is active!
2025-07-15 00:50:30,889 INFO  * Debugger PIN: 474-512-372
2025-07-15 00:50:37,543 INFO ¿‘∑¬ JSON: {'n1_path': 'data/n1.json', 'n_path': 'data/n.json'}
2025-07-15 00:50:37,544 INFO ∆ƒ¿œ data/n1.json ¿–±‚ º∫∞¯: {'peg_A': [{'cell_name': 'cell_1', 'period': 'Jan', 'avg_value': 10.5}, {'cell_name': 'cell_2', 'period': 'Jan', 'avg_value': 15.2}], 'peg_B': [{'cell_name': 'cell_3', 'period': 'Jan', 'avg_value': 8.1}]}
2025-07-15 00:50:37,544 ERROR ∆ƒ¿œ data/n.json ¿–±‚ Ω«∆–: Extra data: line 2 column 8 (char 8)
2025-07-15 00:50:37,544 ERROR ∆ƒ¿œ¿ª ¿–¥¬ µ• Ω«∆–«ﬂΩ¿¥œ¥Ÿ.
2025-07-15 00:50:37,544 INFO 127.0.0.1 - - [15/Jul/2025 00:50:37] "[31m[1mPOST /tool_analyze_all_pegs_post HTTP/1.1[0m" 400 -
2025-07-15 00:55:25,835 INFO  * Detected change in 'D:\\Coding\\250710\\test_post.py', reloading
2025-07-15 00:55:25,856 INFO  * Restarting with stat
2025-07-15 00:55:26,130 WARNING  * Debugger is active!
2025-07-15 00:55:26,133 INFO  * Debugger PIN: 474-512-372
2025-07-15 00:55:42,026 INFO ¿‘∑¬ JSON: {'n1_path': 'peg/n1.json', 'n_path': 'peg/n.json'}
2025-07-15 00:55:42,026 INFO ∆ƒ¿œ peg/n1.json ¿–±‚ º∫∞¯: {'peg_A': [{'cell_name': 'cell_1', 'period': 'Jan', 'avg_value': 10.5}, {'cell_name': 'cell_2', 'period': 'Jan', 'avg_value': 15.2}], 'peg_B': [{'cell_name': 'cell_3', 'period': 'Jan', 'avg_value': 8.1}]}
2025-07-15 00:55:42,026 ERROR ∆ƒ¿œ peg/n.json ¿–±‚ Ω«∆–: Extra data: line 2 column 8 (char 8)
2025-07-15 00:55:42,026 ERROR ∆ƒ¿œ¿ª ¿–¥¬ µ• Ω«∆–«ﬂΩ¿¥œ¥Ÿ.
2025-07-15 00:55:42,027 INFO 127.0.0.1 - - [15/Jul/2025 00:55:42] "[31m[1mPOST /tool_analyze_all_pegs_post HTTP/1.1[0m" 400 -
2025-07-15 00:55:58,584 INFO [31m[1mWARNING: This is a development server. Do not use it in a production deployment. Use a production WSGI server instead.[0m
 * Running on http://127.0.0.1:5001
2025-07-15 00:55:58,584 INFO [33mPress CTRL+C to quit[0m
2025-07-15 00:55:58,585 INFO  * Restarting with stat
2025-07-15 00:55:58,850 WARNING  * Debugger is active!
2025-07-15 00:55:58,852 INFO  * Debugger PIN: 474-512-372
2025-07-15 00:56:10,997 INFO ¿‘∑¬ JSON: {'n1_path': 'peg/n1.json', 'n_path': 'peg/n.json'}
2025-07-15 00:56:10,997 INFO ∆ƒ¿œ peg/n1.json ¿–±‚ º∫∞¯: {'peg_A': [{'cell_name': 'cell_1', 'period': 'Jan', 'avg_value': 10.5}, {'cell_name': 'cell_2', 'period': 'Jan', 'avg_value': 15.2}], 'peg_B': [{'cell_name': 'cell_3', 'period': 'Jan', 'avg_value': 8.1}]}
2025-07-15 00:56:10,997 ERROR ∆ƒ¿œ peg/n.json ¿–±‚ Ω«∆–: Extra data: line 2 column 8 (char 8)
2025-07-15 00:56:10,998 ERROR ∆ƒ¿œ¿ª ¿–¥¬ µ• Ω«∆–«ﬂΩ¿¥œ¥Ÿ.
2025-07-15 00:56:10,998 INFO 127.0.0.1 - - [15/Jul/2025 00:56:10] "[31m[1mPOST /tool_analyze_all_pegs_post HTTP/1.1[0m" 400 -
2025-07-15 01:03:38,474 INFO [31m[1mWARNING: This is a development server. Do not use it in a production deployment. Use a production WSGI server instead.[0m
 * Running on http://127.0.0.1:5001
2025-07-15 01:03:38,474 INFO [33mPress CTRL+C to quit[0m
2025-07-15 01:03:38,475 INFO  * Restarting with stat
2025-07-15 01:03:38,742 WARNING  * Debugger is active!
2025-07-15 01:03:38,745 INFO  * Debugger PIN: 474-512-372
2025-07-15 01:03:50,909 INFO ¿‘∑¬ JSON: {'n1_path': 'data/n1.json', 'n_path': 'data/n.json'}
2025-07-15 01:03:50,909 INFO ∆ƒ¿œ data/n1.json ¿–±‚ º∫∞¯: {'peg_A': [{'cell_name': 'cell_1', 'period': 'Jan', 'avg_value': 10.5}, {'cell_name': 'cell_2', 'period': 'Jan', 'avg_value': 15.2}], 'peg_B': [{'cell_name': 'cell_3', 'period': 'Jan', 'avg_value': 8.1}]}
2025-07-15 01:03:50,909 INFO ∆ƒ¿œ data/n.json ¿–±‚ º∫∞¯: {'peg_A': [{'cell_name': 'cell_1', 'period': 'Jan', 'avg_value': 12.0}, {'cell_name': 'cell_2', 'period': 'Jan', 'avg_value': 18.7}], 'peg_B': [{'cell_name': 'cell_3', 'period': 'Jan', 'avg_value': 9.3}]}
2025-07-15 01:03:50,909 INFO 127.0.0.1 - - [15/Jul/2025 01:03:50] "POST /tool_analyze_all_pegs_post HTTP/1.1" 200 -
2025-07-15 01:24:39,870 INFO [31m[1mWARNING: This is a development server. Do not use it in a production deployment. Use a production WSGI server instead.[0m
 * Running on http://127.0.0.1:5001
2025-07-15 01:24:39,870 INFO [33mPress CTRL+C to quit[0m
2025-07-15 01:24:39,871 INFO  * Restarting with stat
2025-07-15 01:24:40,138 WARNING  * Debugger is active!
2025-07-15 01:24:40,141 INFO  * Debugger PIN: 474-512-372
2025-07-15 01:24:45,395 INFO ¿‘∑¬ JSON: {'n1_path': 'data/n1.json', 'n_path': 'data/n.json'}
2025-07-15 01:24:45,395 INFO ∆ƒ¿œ data/n1.json ¿–±‚ º∫∞¯: {'peg_A': [{'cell_name': 'cell_1', 'period': 'Jan', 'avg_value': 10.5}, {'cell_name': 'cell_2', 'period': 'Jan', 'avg_value': 15.2}], 'peg_B': [{'cell_name': 'cell_3', 'period': 'Jan', 'avg_value': 8.1}]}
2025-07-15 01:24:45,395 INFO ∆ƒ¿œ data/n.json ¿–±‚ º∫∞¯: {'peg_A': [{'cell_name': 'cell_1', 'period': 'Jan', 'avg_value': 12.0}, {'cell_name': 'cell_2', 'period': 'Jan', 'avg_value': 18.7}, {'cell_name': 'cell_1', 'period': 'Feb', 'avg_value': 13.2}, {'cell_name': 'cell_2', 'period': 'Feb', 'avg_value': 19.5}], 'peg_B': [{'cell_name': 'cell_3', 'period': 'Jan', 'avg_value': 9.3}, {'cell_name': 'cell_4', 'period': 'Jan', 'avg_value': 25.0}, {'cell_name': 'cell_3', 'period': 'Feb', 'avg_value': 10.1}, {'cell_name': 'cell_4', 'period': 'Feb', 'avg_value': 26.5}]}
2025-07-15 01:24:45,395 INFO ∫–ºÆ ∞·∞˙: {'peg_comparisons': {'peg_A': [{'cell_name': 'cell_1', 'period': 'Jan', 'n1_value': 10.5, 'n_value': 12.0, 'change_percent': 14.29, 'trend': '¡ı∞°'}, {'cell_name': 'cell_2', 'period': 'Jan', 'n1_value': 15.2, 'n_value': 18.7, 'change_percent': 23.03, 'trend': '¡ı∞°'}], 'peg_B': [{'cell_name': 'cell_3', 'period': 'Jan', 'n1_value': 8.1, 'n_value': 9.3, 'change_percent': 14.81, 'trend': '¡ı∞°'}]}, 'performance_impact': {'peg_A': {'severity': '¡ﬂ∞£', 'description': 'peg_A¿« ∫Ø»≠∞° ¡ﬂ∞£ ºˆ¡ÿ¿‘¥œ¥Ÿ. ¡÷¿« ±Ì∞‘ ∏¥œ≈Õ∏µ¿Ã « ø‰«’¥œ¥Ÿ.', 'action_needed': True}, 'peg_B': {'severity': '≥∑¿Ω', 'description': 'peg_B¿« ∫Ø»≠∞° æ»¡§¿˚¿‘¥œ¥Ÿ.', 'action_needed': False}}, 'recommendations': [{'peg': 'peg_A', 'reason': '∫Ø»≠∆¯¿Ã ≈Æ¥œ¥Ÿ (√÷¥Î 23.0%)', 'priority': '¡ﬂ∞£'}], 'overall_assessment': '¿¸√º 2∞≥ PEG ∫–ºÆ ∞·∞˙:\n- ≥Ù¿∫ øÏº±º¯¿ß ∞À≈‰ « ø‰: 0∞≥\n- ¡ﬂ∞£ øÏº±º¯¿ß ∞À≈‰ « ø‰: 1∞≥\n\n\u26a0\ufe0f ¡÷¿« ±Ì∞‘ ∏¥œ≈Õ∏µ¿Ã « ø‰«— PEG∞° ¿÷Ω¿¥œ¥Ÿ.'}
2025-07-15 01:24:45,405 INFO 127.0.0.1 - - [15/Jul/2025 01:24:45] "POST /tool_analyze_all_pegs_post HTTP/1.1" 200 -
2025-07-15 01:27:00,071 INFO  * Detected change in 'D:\\Coding\\250710\\app.py', reloading
2025-07-15 01:27:00,093 INFO  * Restarting with stat
2025-07-15 01:27:01,721 WARNING  * Debugger is active!
2025-07-15 01:27:01,724 INFO  * Debugger PIN: 474-512-372
2025-07-15 01:27:21,399 INFO [31m[1mWARNING: This is a development server. Do not use it in a production deployment. Use a production WSGI server instead.[0m
 * Running on http://127.0.0.1:5001
2025-07-15 01:27:21,399 INFO [33mPress CTRL+C to quit[0m
2025-07-15 01:27:21,401 INFO  * Restarting with stat
2025-07-15 01:27:22,012 WARNING  * Debugger is active!
2025-07-15 01:27:22,015 INFO  * Debugger PIN: 474-512-372
2025-07-15 01:27:40,293 INFO ¿‘∑¬ JSON: {'n1_path': 'data/n1.json', 'n_path': 'data/n.json'}
2025-07-15 01:27:40,293 INFO ∆ƒ¿œ data/n1.json ¿–±‚ º∫∞¯: {'peg_A': [{'cell_name': 'cell_1', 'period': 'Jan', 'avg_value': 10.5}, {'cell_name': 'cell_2', 'period': 'Jan', 'avg_value': 15.2}], 'peg_B': [{'cell_name': 'cell_3', 'period': 'Jan', 'avg_value': 8.1}]}
2025-07-15 01:27:40,293 INFO ∆ƒ¿œ data/n.json ¿–±‚ º∫∞¯: {'peg_A': [{'cell_name': 'cell_1', 'period': 'Jan', 'avg_value': 12.0}, {'cell_name': 'cell_2', 'period': 'Jan', 'avg_value': 18.7}, {'cell_name': 'cell_1', 'period': 'Feb', 'avg_value': 13.2}, {'cell_name': 'cell_2', 'period': 'Feb', 'avg_value': 19.5}], 'peg_B': [{'cell_name': 'cell_3', 'period': 'Jan', 'avg_value': 9.3}, {'cell_name': 'cell_4', 'period': 'Jan', 'avg_value': 25.0}, {'cell_name': 'cell_3', 'period': 'Feb', 'avg_value': 10.1}, {'cell_name': 'cell_4', 'period': 'Feb', 'avg_value': 26.5}]}
2025-07-15 01:27:40,293 INFO ∫–ºÆ ∞·∞˙: {'peg_comparisons': {'peg_B': [{'cell_name': 'cell_3', 'period': 'Jan', 'n1_value': 8.1, 'n_value': 9.3, 'change_percent': 14.81, 'trend': '¡ı∞°'}], 'peg_A': [{'cell_name': 'cell_1', 'period': 'Jan', 'n1_value': 10.5, 'n_value': 12.0, 'change_percent': 14.29, 'trend': '¡ı∞°'}, {'cell_name': 'cell_2', 'period': 'Jan', 'n1_value': 15.2, 'n_value': 18.7, 'change_percent': 23.03, 'trend': '¡ı∞°'}]}, 'performance_impact': {'peg_B': {'severity': '≥∑¿Ω', 'description': 'peg_B¿« ∫Ø»≠∞° æ»¡§¿˚¿‘¥œ¥Ÿ.', 'action_needed': False}, 'peg_A': {'severity': '¡ﬂ∞£', 'description': 'peg_A¿« ∫Ø»≠∞° ¡ﬂ∞£ ºˆ¡ÿ¿‘¥œ¥Ÿ. ¡÷¿« ±Ì∞‘ ∏¥œ≈Õ∏µ¿Ã « ø‰«’¥œ¥Ÿ.', 'action_needed': True}}, 'recommendations': [{'peg': 'peg_A', 'reason': '∫Ø»≠∆¯¿Ã ≈Æ¥œ¥Ÿ (√÷¥Î 23.0%)', 'priority': '¡ﬂ∞£'}], 'overall_assessment': '¿¸√º 2∞≥ PEG ∫–ºÆ ∞·∞˙:\n- ≥Ù¿∫ øÏº±º¯¿ß ∞À≈‰ « ø‰: 0∞≥\n- ¡ﬂ∞£ øÏº±º¯¿ß ∞À≈‰ « ø‰: 1∞≥\n\n\u26a0\ufe0f ¡÷¿« ±Ì∞‘ ∏¥œ≈Õ∏µ¿Ã « ø‰«— PEG∞° ¿÷Ω¿¥œ¥Ÿ.'}
2025-07-15 01:27:40,566 INFO 127.0.0.1 - - [15/Jul/2025 01:27:40] "POST /tool_analyze_all_pegs_post HTTP/1.1" 200 -
2025-07-15 01:36:04,407 INFO [31m[1mWARNING: This is a development server. Do not use it in a production deployment. Use a production WSGI server instead.[0m
 * Running on http://127.0.0.1:5001
2025-07-15 01:36:04,407 INFO [33mPress CTRL+C to quit[0m
2025-07-15 01:36:04,408 INFO  * Restarting with stat
2025-07-15 01:36:05,025 WARNING  * Debugger is active!
2025-07-15 01:36:05,027 INFO  * Debugger PIN: 474-512-372
2025-07-15 01:36:09,983 INFO ¿‘∑¬ JSON: {'n1_path': 'data/n1.json', 'n_path': 'data/n.json'}
2025-07-15 01:36:09,983 INFO ∆ƒ¿œ data/n1.json ¿–±‚ º∫∞¯: {'peg_A': [{'cell_name': 'cell_1', 'period': 'Jan', 'avg_value': 10.5}, {'cell_name': 'cell_2', 'period': 'Jan', 'avg_value': 15.2}], 'peg_B': [{'cell_name': 'cell_3', 'period': 'Jan', 'avg_value': 8.1}]}
2025-07-15 01:36:09,983 INFO ∆ƒ¿œ data/n.json ¿–±‚ º∫∞¯: {'peg_A': [{'cell_name': 'cell_1', 'period': 'Jan', 'avg_value': 12.0}, {'cell_name': 'cell_2', 'period': 'Jan', 'avg_value': 18.7}, {'cell_name': 'cell_1', 'period': 'Feb', 'avg_value': 13.2}, {'cell_name': 'cell_2', 'period': 'Feb', 'avg_value': 19.5}], 'peg_B': [{'cell_name': 'cell_3', 'period': 'Jan', 'avg_value': 9.3}, {'cell_name': 'cell_4', 'period': 'Jan', 'avg_value': 25.0}, {'cell_name': 'cell_3', 'period': 'Feb', 'avg_value': 10.1}, {'cell_name': 'cell_4', 'period': 'Feb', 'avg_value': 26.5}]}
2025-07-15 01:36:09,983 INFO ∫–ºÆ ∞·∞˙: {'peg_comparisons': {'peg_A': [{'cell_name': 'cell_1', 'period': 'Jan', 'n1_value': 10.5, 'n_value': 12.0, 'change_percent': 14.29, 'trend': '¡ı∞°'}, {'cell_name': 'cell_2', 'period': 'Jan', 'n1_value': 15.2, 'n_value': 18.7, 'change_percent': 23.03, 'trend': '¡ı∞°'}], 'peg_B': [{'cell_name': 'cell_3', 'period': 'Jan', 'n1_value': 8.1, 'n_value': 9.3, 'change_percent': 14.81, 'trend': '¡ı∞°'}]}, 'performance_impact': {'peg_A': {'severity': '¡ﬂ∞£', 'description': 'peg_A¿« ∫Ø»≠∞° ¡ﬂ∞£ ºˆ¡ÿ¿‘¥œ¥Ÿ. ¡÷¿« ±Ì∞‘ ∏¥œ≈Õ∏µ¿Ã « ø‰«’¥œ¥Ÿ.', 'action_needed': True}, 'peg_B': {'severity': '≥∑¿Ω', 'description': 'peg_B¿« ∫Ø»≠∞° æ»¡§¿˚¿‘¥œ¥Ÿ.', 'action_needed': False}}, 'recommendations': [{'peg': 'peg_A', 'reason': '∫Ø»≠∆¯¿Ã ≈Æ¥œ¥Ÿ (√÷¥Î 23.0%)', 'priority': '¡ﬂ∞£'}], 'overall_assessment': '¿¸√º 2∞≥ PEG ∫–ºÆ ∞·∞˙:\n- ≥Ù¿∫ øÏº±º¯¿ß ∞À≈‰ « ø‰: 0∞≥\n- ¡ﬂ∞£ øÏº±º¯¿ß ∞À≈‰ « ø‰: 1∞≥\n\n\u26a0\ufe0f ¡÷¿« ±Ì∞‘ ∏¥œ≈Õ∏µ¿Ã « ø‰«— PEG∞° ¿÷Ω¿¥œ¥Ÿ.'}
2025-07-15 01:36:10,000 INFO HTML ∏Æ∆˜∆Æ ª˝º∫ øœ∑·: output/report.html
2025-07-15 01:36:10,193 INFO Excel ∏Æ∆˜∆Æ ª˝º∫ øœ∑·: output/report.xlsx
2025-07-15 01:36:10,193 INFO 127.0.0.1 - - [15/Jul/2025 01:36:10] "POST /tool_analyze_all_pegs_post HTTP/1.1" 200 -
2025-07-15 01:38:32,349 INFO  * Detected change in 'D:\\Coding\\250710\\app.py', reloading
2025-07-15 01:38:32,396 INFO  * Restarting with stat
2025-07-15 01:38:33,032 WARNING  * Debugger is active!
2025-07-15 01:38:33,034 INFO  * Debugger PIN: 474-512-372
2025-07-15 01:38:36,309 INFO  * Detected change in 'D:\\Coding\\250710\\app.py', reloading
2025-07-15 01:38:36,350 INFO  * Restarting with stat
2025-07-15 01:38:36,970 WARNING  * Debugger is active!
2025-07-15 01:38:36,972 INFO  * Debugger PIN: 474-512-372
2025-07-15 02:15:23,750 INFO ¿‘∑¬ ∞Ê∑Œ: n1_path=data/n1.json, n_path=data/n.json
2025-07-15 02:15:23,750 INFO ∆ƒ¿œ data/n1.json ¿–±‚ º∫∞¯: {'peg_A': [{'cell_name': 'cell_1', 'period': 'Jan', 'avg_value': 10.5}, {'cell_name': 'cell_2', 'period': 'Jan', 'avg_value': 15.2}], 'peg_B': [{'cell_name': 'cell_3', 'period': 'Jan', 'avg_value': 8.1}]}
2025-07-15 02:15:23,750 INFO ∆ƒ¿œ data/n.json ¿–±‚ º∫∞¯: {'peg_A': [{'cell_name': 'cell_1', 'period': 'Jan', 'avg_value': 12.0}, {'cell_name': 'cell_2', 'period': 'Jan', 'avg_value': 18.7}, {'cell_name': 'cell_1', 'period': 'Feb', 'avg_value': 13.2}, {'cell_name': 'cell_2', 'period': 'Feb', 'avg_value': 19.5}], 'peg_B': [{'cell_name': 'cell_3', 'period': 'Jan', 'avg_value': 9.3}, {'cell_name': 'cell_4', 'period': 'Jan', 'avg_value': 25.0}, {'cell_name': 'cell_3', 'period': 'Feb', 'avg_value': 10.1}, {'cell_name': 'cell_4', 'period': 'Feb', 'avg_value': 26.5}]}
2025-07-15 02:15:23,750 INFO ∫–ºÆ ∞·∞˙: {'peg_comparisons': {'peg_B': [{'cell_name': 'cell_3', 'period': 'Jan', 'n1_value': 8.1, 'n_value': 9.3, 'change_percent': 14.81, 'trend': '¡ı∞°'}], 'peg_A': [{'cell_name': 'cell_1', 'period': 'Jan', 'n1_value': 10.5, 'n_value': 12.0, 'change_percent': 14.29, 'trend': '¡ı∞°'}, {'cell_name': 'cell_2', 'period': 'Jan', 'n1_value': 15.2, 'n_value': 18.7, 'change_percent': 23.03, 'trend': '¡ı∞°'}]}, 'performance_impact': {'peg_B': {'severity': '≥∑¿Ω', 'description': 'peg_B¿« ∫Ø»≠∞° æ»¡§¿˚¿‘¥œ¥Ÿ.', 'action_needed': False}, 'peg_A': {'severity': '¡ﬂ∞£', 'description': 'peg_A¿« ∫Ø»≠∞° ¡ﬂ∞£ ºˆ¡ÿ¿‘¥œ¥Ÿ. ¡÷¿« ±Ì∞‘ ∏¥œ≈Õ∏µ¿Ã « ø‰«’¥œ¥Ÿ.', 'action_needed': True}}, 'recommendations': [{'peg': 'peg_A', 'reason': '∫Ø»≠∆¯¿Ã ≈Æ¥œ¥Ÿ (√÷¥Î 23.0%)', 'priority': '¡ﬂ∞£'}], 'overall_assessment': '¿¸√º 2∞≥ PEG ∫–ºÆ ∞·∞˙:\n- ≥Ù¿∫ øÏº±º¯¿ß ∞À≈‰ « ø‰: 0∞≥\n- ¡ﬂ∞£ øÏº±º¯¿ß ∞À≈‰ « ø‰: 1∞≥\n\n\u26a0\ufe0f ¡÷¿« ±Ì∞‘ ∏¥œ≈Õ∏µ¿Ã « ø‰«— PEG∞° ¿÷Ω¿¥œ¥Ÿ.'}
2025-07-15 02:15:23,751 ERROR ø°∑Ø πﬂª˝: No module named 'openpyxl'
2025-07-15 02:15:36,848 INFO ¿‘∑¬ ∞Ê∑Œ: n1_path=data/n1.json, n_path=data/n.json
2025-07-15 02:15:36,848 INFO ∆ƒ¿œ data/n1.json ¿–±‚ º∫∞¯: {'peg_A': [{'cell_name': 'cell_1', 'period': 'Jan', 'avg_value': 10.5}, {'cell_name': 'cell_2', 'period': 'Jan', 'avg_value': 15.2}], 'peg_B': [{'cell_name': 'cell_3', 'period': 'Jan', 'avg_value': 8.1}]}
2025-07-15 02:15:36,849 INFO ∆ƒ¿œ data/n.json ¿–±‚ º∫∞¯: {'peg_A': [{'cell_name': 'cell_1', 'period': 'Jan', 'avg_value': 12.0}, {'cell_name': 'cell_2', 'period': 'Jan', 'avg_value': 18.7}, {'cell_name': 'cell_1', 'period': 'Feb', 'avg_value': 13.2}, {'cell_name': 'cell_2', 'period': 'Feb', 'avg_value': 19.5}], 'peg_B': [{'cell_name': 'cell_3', 'period': 'Jan', 'avg_value': 9.3}, {'cell_name': 'cell_4', 'period': 'Jan', 'avg_value': 25.0}, {'cell_name': 'cell_3', 'period': 'Feb', 'avg_value': 10.1}, {'cell_name': 'cell_4', 'period': 'Feb', 'avg_value': 26.5}]}
2025-07-15 02:15:36,849 INFO ∫–ºÆ ∞·∞˙: {'peg_comparisons': {'peg_B': [{'cell_name': 'cell_3', 'period': 'Jan', 'n1_value': 8.1, 'n_value': 9.3, 'change_percent': 14.81, 'trend': '¡ı∞°'}], 'peg_A': [{'cell_name': 'cell_1', 'period': 'Jan', 'n1_value': 10.5, 'n_value': 12.0, 'change_percent': 14.29, 'trend': '¡ı∞°'}, {'cell_name': 'cell_2', 'period': 'Jan', 'n1_value': 15.2, 'n_value': 18.7, 'change_percent': 23.03, 'trend': '¡ı∞°'}]}, 'performance_impact': {'peg_B': {'severity': '≥∑¿Ω', 'description': 'peg_B¿« ∫Ø»≠∞° æ»¡§¿˚¿‘¥œ¥Ÿ.', 'action_needed': False}, 'peg_A': {'severity': '¡ﬂ∞£', 'description': 'peg_A¿« ∫Ø»≠∞° ¡ﬂ∞£ ºˆ¡ÿ¿‘¥œ¥Ÿ. ¡÷¿« ±Ì∞‘ ∏¥œ≈Õ∏µ¿Ã « ø‰«’¥œ¥Ÿ.', 'action_needed': True}}, 'recommendations': [{'peg': 'peg_A', 'reason': '∫Ø»≠∆¯¿Ã ≈Æ¥œ¥Ÿ (√÷¥Î 23.0%)', 'priority': '¡ﬂ∞£'}], 'overall_assessment': '¿¸√º 2∞≥ PEG ∫–ºÆ ∞·∞˙:\n- ≥Ù¿∫ øÏº±º¯¿ß ∞À≈‰ « ø‰: 0∞≥\n- ¡ﬂ∞£ øÏº±º¯¿ß ∞À≈‰ « ø‰: 1∞≥\n\n\u26a0\ufe0f ¡÷¿« ±Ì∞‘ ∏¥œ≈Õ∏µ¿Ã « ø‰«— PEG∞° ¿÷Ω¿¥œ¥Ÿ.'}
2025-07-15 02:15:37,054 INFO HTML ∏Æ∆˜∆Æ ¿˙¿Â: output/report_2025_07_15_02_15.html
2025-07-15 02:15:37,054 INFO Excel ∏Æ∆˜∆Æ ¿˙¿Â: output/report_2025_07_15_02_15.xlsx
2025-07-15 02:16:48,688 INFO ¿‘∑¬ ∞Ê∑Œ: n1_path=data/n1.json, n_path=data/n.json
2025-07-15 02:16:48,707 INFO ∆ƒ¿œ data/n1.json ¿–±‚ º∫∞¯: {'peg_A': [{'cell_name': 'cell_1', 'period': 'Jan', 'avg_value': 10.5}, {'cell_name': 'cell_2', 'period': 'Jan', 'avg_value': 15.2}], 'peg_B': [{'cell_name': 'cell_3', 'period': 'Jan', 'avg_value': 8.1}]}
2025-07-15 02:16:48,707 INFO ∆ƒ¿œ data/n.json ¿–±‚ º∫∞¯: {'peg_A': [{'cell_name': 'cell_1', 'period': 'Jan', 'avg_value': 12.0}, {'cell_name': 'cell_2', 'period': 'Jan', 'avg_value': 18.7}, {'cell_name': 'cell_1', 'period': 'Feb', 'avg_value': 13.2}, {'cell_name': 'cell_2', 'period': 'Feb', 'avg_value': 19.5}], 'peg_B': [{'cell_name': 'cell_3', 'period': 'Jan', 'avg_value': 9.3}, {'cell_name': 'cell_4', 'period': 'Jan', 'avg_value': 25.0}, {'cell_name': 'cell_3', 'period': 'Feb', 'avg_value': 10.1}, {'cell_name': 'cell_4', 'period': 'Feb', 'avg_value': 26.5}]}
2025-07-15 02:16:48,707 INFO ∫–ºÆ ∞·∞˙: {'peg_comparisons': {'peg_A': [{'cell_name': 'cell_1', 'period': 'Jan', 'n1_value': 10.5, 'n_value': 12.0, 'change_percent': 14.29, 'trend': '¡ı∞°'}, {'cell_name': 'cell_2', 'period': 'Jan', 'n1_value': 15.2, 'n_value': 18.7, 'change_percent': 23.03, 'trend': '¡ı∞°'}], 'peg_B': [{'cell_name': 'cell_3', 'period': 'Jan', 'n1_value': 8.1, 'n_value': 9.3, 'change_percent': 14.81, 'trend': '¡ı∞°'}]}, 'performance_impact': {'peg_A': {'severity': '¡ﬂ∞£', 'description': 'peg_A¿« ∫Ø»≠∞° ¡ﬂ∞£ ºˆ¡ÿ¿‘¥œ¥Ÿ. ¡÷¿« ±Ì∞‘ ∏¥œ≈Õ∏µ¿Ã « ø‰«’¥œ¥Ÿ.', 'action_needed': True}, 'peg_B': {'severity': '≥∑¿Ω', 'description': 'peg_B¿« ∫Ø»≠∞° æ»¡§¿˚¿‘¥œ¥Ÿ.', 'action_needed': False}}, 'recommendations': [{'peg': 'peg_A', 'reason': '∫Ø»≠∆¯¿Ã ≈Æ¥œ¥Ÿ (√÷¥Î 23.0%)', 'priority': '¡ﬂ∞£'}], 'overall_assessment': '¿¸√º 2∞≥ PEG ∫–ºÆ ∞·∞˙:\n- ≥Ù¿∫ øÏº±º¯¿ß ∞À≈‰ « ø‰: 0∞≥\n- ¡ﬂ∞£ øÏº±º¯¿ß ∞À≈‰ « ø‰: 1∞≥\n\n\u26a0\ufe0f ¡÷¿« ±Ì∞‘ ∏¥œ≈Õ∏µ¿Ã « ø‰«— PEG∞° ¿÷Ω¿¥œ¥Ÿ.'}
2025-07-15 02:16:48,876 INFO HTML ∏Æ∆˜∆Æ ¿˙¿Â: output/report_2025_07_15_02_16.html
2025-07-15 02:16:48,876 INFO Excel ∏Æ∆˜∆Æ ¿˙¿Â: output/report_2025_07_15_02_16.xlsx
2025-07-15 02:18:12,535 INFO ¿‘∑¬ ∞Ê∑Œ: n1_path=data/n1.json, n_path=data/n.json
2025-07-15 02:18:12,536 ERROR ∆ƒ¿œ data/n1.json ¿–±‚ Ω«∆–: Expecting value: line 1 column 1 (char 0)
2025-07-15 02:18:12,537 INFO ∆ƒ¿œ data/n.json ¿–±‚ º∫∞¯: {'peg_A': [{'cell_name': 'cell_1', 'period': 'Jan', 'avg_value': 12.0}, {'cell_name': 'cell_2', 'period': 'Jan', 'avg_value': 18.7}, {'cell_name': 'cell_1', 'period': 'Feb', 'avg_value': 13.2}, {'cell_name': 'cell_2', 'period': 'Feb', 'avg_value': 19.5}], 'peg_B': [{'cell_name': 'cell_3', 'period': 'Jan', 'avg_value': 9.3}, {'cell_name': 'cell_4', 'period': 'Jan', 'avg_value': 25.0}, {'cell_name': 'cell_3', 'period': 'Feb', 'avg_value': 10.1}, {'cell_name': 'cell_4', 'period': 'Feb', 'avg_value': 26.5}]}
2025-07-15 02:18:12,537 ERROR ∆ƒ¿œ¿ª ¿–¥¬ µ• Ω«∆–«ﬂΩ¿¥œ¥Ÿ.
